Using pre-set license
Built from '2020.2/staging' branch; Version is '2020.2.3f1 (8ff31bc5bf5b) revision 9433883'; Using compiler version '192528614'; Build Type 'Release'
OS: 'Windows 10 Pro; OS build 18363.1500; Version 1909; 64bit' Language: 'en' Physical Memory: 12169 MB
BatchMode: 1, IsHumanControllingUs: 0, StartBugReporterOnCrash: 0, Is64bit: 1, IsPro: 0

 COMMAND LINE ARGUMENTS:
D:\Unity\2020.2.3f1\Editor\Unity.exe
-adb2
-batchMode
-noUpm
-name
AssetImportWorker0
-projectPath
D:/DATN/NetworkingTutorial_clone_0
-logFile
Logs/AssetImportWorker0.log
-srvPort
3981
Successfully changed project path to: D:/DATN/NetworkingTutorial_clone_0
D:/DATN/NetworkingTutorial_clone_0
Using Asset Import Pipeline V2.
Refreshing native plugins compatible for Editor in 110.22 ms, found 0 plugins.
Preloading 0 native plugins for Editor in 0.00 ms.
Initialize engine version: 2020.2.3f1 (8ff31bc5bf5b)
[Subsystems] Discovering subsystems at path D:/Unity/2020.2.3f1/Editor/Data/Resources/UnitySubsystems
[Subsystems] Discovering subsystems at path D:/DATN/NetworkingTutorial_clone_0/Assets
GfxDevice: creating device client; threaded=0
Direct3D:
    Version:  Direct3D 11.0 [level 11.1]
    Renderer: Intel(R) UHD Graphics 620 (ID=0x5917)
    Vendor:   
    VRAM:     6084 MB
    Driver:   26.20.100.7263
Initialize mono
Mono path[0] = 'D:/Unity/2020.2.3f1/Editor/Data/Managed'
Mono path[1] = 'D:/Unity/2020.2.3f1/Editor/Data/MonoBleedingEdge/lib/mono/unityjit'
Mono config path = 'D:/Unity/2020.2.3f1/Editor/Data/MonoBleedingEdge/etc'
Using monoOptions --debugger-agent=transport=dt_socket,embedding=1,server=y,suspend=n,address=127.0.0.1:56684
Begin MonoManager ReloadAssembly
Registering precompiled unity dll's ...
Register platform support module: D:/Unity/2020.2.3f1/Editor/Data/PlaybackEngines/WindowsStandaloneSupport/UnityEditor.WindowsStandalone.Extensions.dll
Registered in 0.002562 seconds.
Native extension for WindowsStandalone target not found
Refreshing native plugins compatible for Editor in 69.58 ms, found 0 plugins.
Preloading 0 native plugins for Editor in 0.00 ms.
Invoked RoslynAnalysisRunner static constructor.
RoslynAnalysisRunner will not be running.
RoslynAnalysisRunner has terminated.
Mono: successfully reloaded assembly
- Completed reload, in  4.056 seconds
Platform modules already initialized, skipping
Registering precompiled user dll's ...
Registered in 0.004834 seconds.
Begin MonoManager ReloadAssembly
Native extension for WindowsStandalone target not found
Refreshing native plugins compatible for Editor in 1.21 ms, found 0 plugins.
Preloading 0 native plugins for Editor in 0.00 ms.
Invoked RoslynAnalysisRunner static constructor.
RoslynAnalysisRunner will not be running.
RoslynAnalysisRunner has terminated.
Find all reader and writers took 321 milliseconds
Script Module: UnityEngine.UI.dll
Weave behaviours and messages took492 milliseconds
Find all reader and writers took 151 milliseconds
Script Module: SimpleWebTransport.dll
Weave behaviours and messages took42 milliseconds
Find all reader and writers took 258 milliseconds
Script Module: UnityEngine.TestRunner.dll
Weave behaviours and messages took140 milliseconds
Find all reader and writers took 156 milliseconds
Script Module: Mirror.Cloud.dll
Weave behaviours and messages took13 milliseconds
Find all reader and writers took 194 milliseconds
Script Module: Unity.Timeline.dll
Weave behaviours and messages took140 milliseconds
Find all reader and writers took 263 milliseconds
Script Module: Unity.TextMeshPro.dll
Weave behaviours and messages took329 milliseconds
Find all reader and writers took 189 milliseconds
Script Module: Mirror.Examples.Cloud.GUI.dll
Weave behaviours and messages took6 milliseconds
Find all reader and writers took 193 milliseconds
Script Module: kcp2k.dll
Weave behaviours and messages took8 milliseconds
Find all reader and writers took 206 milliseconds
Script Module: Telepathy.dll
Weave behaviours and messages took13 milliseconds
Find all reader and writers took 97 milliseconds
Script Module: Assembly-CSharp.dll
Weave behaviours and messages took0 milliseconds
Find all reader and writers took 172 milliseconds
Script Module: UnityEditor.TestRunner.dll
Weave behaviours and messages took149 milliseconds
Find all reader and writers took 166 milliseconds
Script Module: UnityEditor.UI.dll
Weave behaviours and messages took36 milliseconds
Find all reader and writers took 161 milliseconds
Script Module: ParrelSync.dll
Weave behaviours and messages took6 milliseconds
Find all reader and writers took 127 milliseconds
Script Module: Mirror.CompilerSymbols.dll
Weave behaviours and messages took0 milliseconds
Mono: successfully reloaded assembly
- Completed reload, in 12.463 seconds
Platform modules already initialized, skipping
========================================================================
Worker process is ready to serve import requests
Launched and connected shader compiler UnityShaderCompiler.exe after 0.12 seconds
Refreshing native plugins compatible for Editor in 0.70 ms, found 0 plugins.
Preloading 0 native plugins for Editor in 0.00 ms.
Unloading 1372 Unused Serialized files (Serialized files now loaded: 0)
System memory in use before: 64.2 MB.
System memory in use after: 64.2 MB.

Unloading 15 unused Assets to reduce memory usage. Loaded Objects now: 1807.
Total: 5.499700 ms (FindLiveObjects: 0.281900 ms CreateObjectMapping: 0.107000 ms MarkObjects: 4.893500 ms  DeleteObjects: 0.215100 ms)

========================================================================
Received Import Request.
  path: Assets/Mirror/Examples/Pong/Scenes
  artifactKey: Guid(00c56c45628954f44aa4d944cbd9bfca) Importer(815301076,1909f56bfc062723c751e8b465ee728b)
Start importing Assets/Mirror/Examples/Pong/Scenes using Guid(00c56c45628954f44aa4d944cbd9bfca) Importer(815301076,1909f56bfc062723c751e8b465ee728b)  -> (artifact id: '303d8379d6d57234b7a9e1c2171162c1') in 0.017243 seconds
  Import took 0.023886 seconds .

========================================================================
Received Import Request.
  Time since last request: 0.000518 seconds.
  path: Assets/Mirror/Examples/Pong/Scenes/Scene.unity
  artifactKey: Guid(89a84548859e3b643b4fb27984dc2b0d) Importer(815301076,1909f56bfc062723c751e8b465ee728b)
Start importing Assets/Mirror/Examples/Pong/Scenes/Scene.unity using Guid(89a84548859e3b643b4fb27984dc2b0d) Importer(815301076,1909f56bfc062723c751e8b465ee728b)  -> (artifact id: 'bc07097ca217f3ff5d49a67123e40246') in 0.028522 seconds
  Import took 0.037329 seconds .

========================================================================
Received Import Request.
  Time since last request: 0.000679 seconds.
  path: Assets/Mirror/Examples
  artifactKey: Guid(a08b1f591326642d1b140fc818c9c6b1) Importer(815301076,1909f56bfc062723c751e8b465ee728b)
Start importing Assets/Mirror/Examples using Guid(a08b1f591326642d1b140fc818c9c6b1) Importer(815301076,1909f56bfc062723c751e8b465ee728b)  -> (artifact id: 'e70129710c6f4a3c599c585866ac1905') in 0.025762 seconds
  Import took 0.035679 seconds .

========================================================================
Received Import Request.
  Time since last request: 0.000699 seconds.
  path: Assets/Mirror/Examples/Pong
  artifactKey: Guid(2220cb06641bd40be8c8330b3b4dd0ee) Importer(815301076,1909f56bfc062723c751e8b465ee728b)
Start importing Assets/Mirror/Examples/Pong using Guid(2220cb06641bd40be8c8330b3b4dd0ee) Importer(815301076,1909f56bfc062723c751e8b465ee728b)  -> (artifact id: '5cfd829380f1fec4aaf2bcd04c0f06bd') in 0.022355 seconds
  Import took 0.029702 seconds .

========================================================================
Received Import Request.
  Time since last request: 0.000348 seconds.
  path: Assets/Mirror/Examples/Mirror.Examples.asmdef
  artifactKey: Guid(fecf25954bb196642ab50657689761d6) Importer(815301076,1909f56bfc062723c751e8b465ee728b)
Start importing Assets/Mirror/Examples/Mirror.Examples.asmdef using Guid(fecf25954bb196642ab50657689761d6) Importer(815301076,1909f56bfc062723c751e8b465ee728b)  -> (artifact id: '31ffc70fe8058948f71a8d35186399b3') in 0.099615 seconds
  Import took 0.104309 seconds .

========================================================================
Received Prepare
Registering precompiled user dll's ...
Registered in 0.016141 seconds.
Begin MonoManager ReloadAssembly
Native extension for WindowsStandalone target not found
Refreshing native plugins compatible for Editor in 1.46 ms, found 0 plugins.
Preloading 0 native plugins for Editor in 0.00 ms.
Invoked RoslynAnalysisRunner static constructor.
RoslynAnalysisRunner will not be running.
RoslynAnalysisRunner has terminated.
Mono: successfully reloaded assembly
- Completed reload, in  6.885 seconds
Platform modules already initialized, skipping
Switching build target platform(5) subTarget(0) extendedPlatform(0) -> platform(13) subTarget(537395200) extendedPlatform(0)
Refreshing native plugins compatible for Editor in 1.77 ms, found 0 plugins.
Preloading 0 native plugins for Editor in 0.00 ms.
Unloading 1370 Unused Serialized files (Serialized files now loaded: 0)
System memory in use before: 64.1 MB.
System memory in use after: 64.2 MB.

Unloading 10 unused Assets to reduce memory usage. Loaded Objects now: 1809.
Total: 9.537200 ms (FindLiveObjects: 1.019300 ms CreateObjectMapping: 0.250700 ms MarkObjects: 8.076500 ms  DeleteObjects: 0.181600 ms)

AssetImportParameters requested are different than current active one (requested -> active):
  custom:graphics/normal-map-encoding: 01000000000000000000000000000000 -> 02000000000000000000000000000000
========================================================================
Received Import Request.
  Time since last request: 3226.875819 seconds.
  path: Assets/Mirror/Examples/Chat
  artifactKey: Guid(92165d23a248449f58d0be75d794a127) Importer(815301076,1909f56bfc062723c751e8b465ee728b)
Start importing Assets/Mirror/Examples/Chat using Guid(92165d23a248449f58d0be75d794a127) Importer(815301076,1909f56bfc062723c751e8b465ee728b)  -> (artifact id: '1d8d17a28b15128abf3fbe1824da6705') in 0.095460 seconds
  Import took 0.173354 seconds .

========================================================================
Received Import Request.
  Time since last request: 0.628531 seconds.
  path: Assets/Mirror/Examples/Chat/Scenes
  artifactKey: Guid(71f6f21bb51d14dc0b231a8488826aac) Importer(815301076,1909f56bfc062723c751e8b465ee728b)
Start importing Assets/Mirror/Examples/Chat/Scenes using Guid(71f6f21bb51d14dc0b231a8488826aac) Importer(815301076,1909f56bfc062723c751e8b465ee728b)  -> (artifact id: '041dd83991d8f1e3d3544dfaff1d7335') in 0.002985 seconds
  Import took 0.012823 seconds .

========================================================================
Received Import Request.
  Time since last request: 0.000940 seconds.
  path: Assets/Mirror/Examples/Chat/Scenes
  artifactKey: Guid(71f6f21bb51d14dc0b231a8488826aac) Importer(815301076,1909f56bfc062723c751e8b465ee728b)
Start importing Assets/Mirror/Examples/Chat/Scenes using Guid(71f6f21bb51d14dc0b231a8488826aac) Importer(815301076,1909f56bfc062723c751e8b465ee728b)  -> (artifact id: '041dd83991d8f1e3d3544dfaff1d7335') in 0.002443 seconds
  Import took 0.006864 seconds .

========================================================================
Received Import Request.
  Time since last request: 0.830677 seconds.
  path: Assets/Mirror/Examples/Chat/Scenes/Main.unity
  artifactKey: Guid(f4e8d4de4484e44bba666f2d1f66c73e) Importer(815301076,1909f56bfc062723c751e8b465ee728b)
Start importing Assets/Mirror/Examples/Chat/Scenes/Main.unity using Guid(f4e8d4de4484e44bba666f2d1f66c73e) Importer(815301076,1909f56bfc062723c751e8b465ee728b)  -> (artifact id: '3c14c6fecabf28454e4508d49be3a8e9') in 0.046453 seconds
  Import took 0.055645 seconds .

========================================================================
Received Prepare
Registering precompiled user dll's ...
Registered in 0.007696 seconds.
Begin MonoManager ReloadAssembly
Native extension for WindowsStandalone target not found
Refreshing native plugins compatible for Editor in 0.88 ms, found 0 plugins.
Preloading 0 native plugins for Editor in 0.00 ms.
Invoked RoslynAnalysisRunner static constructor.
RoslynAnalysisRunner will not be running.
RoslynAnalysisRunner has terminated.
Mono: successfully reloaded assembly
- Completed reload, in  2.537 seconds
Platform modules already initialized, skipping
Switching build target platform(5) subTarget(0) extendedPlatform(0) -> platform(13) subTarget(537395200) extendedPlatform(0)
Refreshing native plugins compatible for Editor in 0.55 ms, found 0 plugins.
Preloading 0 native plugins for Editor in 0.00 ms.
Unloading 1370 Unused Serialized files (Serialized files now loaded: 0)
System memory in use before: 64.2 MB.
System memory in use after: 64.2 MB.

Unloading 10 unused Assets to reduce memory usage. Loaded Objects now: 1811.
Total: 4.473500 ms (FindLiveObjects: 0.369100 ms CreateObjectMapping: 0.191900 ms MarkObjects: 3.752400 ms  DeleteObjects: 0.157400 ms)

AssetImportParameters requested are different than current active one (requested -> active):
  custom:graphics/normal-map-encoding: 01000000000000000000000000000000 -> 02000000000000000000000000000000
========================================================================
Received Prepare
Refreshing native plugins compatible for Editor in 1.48 ms, found 0 plugins.
Preloading 0 native plugins for Editor in 0.00 ms.
Unloading 8 Unused Serialized files (Serialized files now loaded: 0)
System memory in use before: 36.9 MB.
System memory in use after: 37.0 MB.

Unloading 8 unused Assets to reduce memory usage. Loaded Objects now: 1811.
Total: 3.588200 ms (FindLiveObjects: 0.248600 ms CreateObjectMapping: 0.133400 ms MarkObjects: 3.129900 ms  DeleteObjects: 0.073500 ms)

========================================================================
Received Prepare
Refreshing native plugins compatible for Editor in 1.49 ms, found 0 plugins.
Preloading 0 native plugins for Editor in 0.00 ms.
Unloading 8 Unused Serialized files (Serialized files now loaded: 0)
System memory in use before: 36.9 MB.
System memory in use after: 37.0 MB.

Unloading 8 unused Assets to reduce memory usage. Loaded Objects now: 1811.
Total: 4.061300 ms (FindLiveObjects: 0.249900 ms CreateObjectMapping: 0.082600 ms MarkObjects: 3.662300 ms  DeleteObjects: 0.064600 ms)

========================================================================
Received Prepare
Refreshing native plugins compatible for Editor in 2.06 ms, found 0 plugins.
Preloading 0 native plugins for Editor in 0.00 ms.
Unloading 8 Unused Serialized files (Serialized files now loaded: 0)
System memory in use before: 36.9 MB.
System memory in use after: 37.0 MB.

Unloading 8 unused Assets to reduce memory usage. Loaded Objects now: 1811.
Total: 2.890200 ms (FindLiveObjects: 0.449900 ms CreateObjectMapping: 0.073800 ms MarkObjects: 2.292200 ms  DeleteObjects: 0.071000 ms)

========================================================================
Received Prepare
Registering precompiled user dll's ...
Registered in 0.003467 seconds.
Begin MonoManager ReloadAssembly
Native extension for WindowsStandalone target not found
Refreshing native plugins compatible for Editor in 0.50 ms, found 0 plugins.
Preloading 0 native plugins for Editor in 0.00 ms.
Invoked RoslynAnalysisRunner static constructor.
RoslynAnalysisRunner will not be running.
RoslynAnalysisRunner has terminated.
Mono: successfully reloaded assembly
- Completed reload, in  2.704 seconds
Platform modules already initialized, skipping
Switching build target platform(5) subTarget(0) extendedPlatform(0) -> platform(13) subTarget(524288) extendedPlatform(0)
Refreshing native plugins compatible for Editor in 0.75 ms, found 0 plugins.
Preloading 0 native plugins for Editor in 0.00 ms.
Unloading 1370 Unused Serialized files (Serialized files now loaded: 0)
System memory in use before: 64.2 MB.
System memory in use after: 64.3 MB.

Unloading 10 unused Assets to reduce memory usage. Loaded Objects now: 1813.
Total: 3.510500 ms (FindLiveObjects: 0.670600 ms CreateObjectMapping: 0.140900 ms MarkObjects: 2.620900 ms  DeleteObjects: 0.075700 ms)

AssetImportParameters requested are different than current active one (requested -> active):
  custom:graphics/normal-map-encoding: 01000000000000000000000000000000 -> 02000000000000000000000000000000
========================================================================
Received Prepare
Registering precompiled user dll's ...
Registered in 0.002170 seconds.
Begin MonoManager ReloadAssembly
Native extension for WindowsStandalone target not found
Refreshing native plugins compatible for Editor in 0.28 ms, found 0 plugins.
Preloading 0 native plugins for Editor in 0.00 ms.
Invoked RoslynAnalysisRunner static constructor.
RoslynAnalysisRunner will not be running.
RoslynAnalysisRunner has terminated.
Mono: successfully reloaded assembly
- Completed reload, in  0.839 seconds
Platform modules already initialized, skipping
Switching build target platform(5) subTarget(0) extendedPlatform(0) -> platform(13) subTarget(524288) extendedPlatform(0)
Refreshing native plugins compatible for Editor in 0.29 ms, found 0 plugins.
Preloading 0 native plugins for Editor in 0.00 ms.
Unloading 1370 Unused Serialized files (Serialized files now loaded: 0)
System memory in use before: 64.2 MB.
System memory in use after: 64.3 MB.

Unloading 10 unused Assets to reduce memory usage. Loaded Objects now: 1815.
Total: 1.964000 ms (FindLiveObjects: 0.135300 ms CreateObjectMapping: 0.040200 ms MarkObjects: 1.692900 ms  DeleteObjects: 0.094700 ms)

AssetImportParameters requested are different than current active one (requested -> active):
  custom:graphics/normal-map-encoding: 01000000000000000000000000000000 -> 02000000000000000000000000000000
